<?xml version="1.0" encoding="UTF-8"?>
<testsuite xmlns:xsi="http://www.w3.org/2001/XMLSchema-instance" xsi:noNamespaceSchemaLocation="https://maven.apache.org/surefire/maven-surefire-plugin/xsd/surefire-test-report.xsd" version="3.0.2" name="com.example.products.ProductRoutesTest" time="4.415" tests="1" errors="0" skipped="0" failures="0">
  <properties>
[...]
</properties>
  <testcase name="smoke" classname="com.example.products.ProductRoutesTest" time="0.906">
    <system-out><![CDATA[22:46:27.485 [main] INFO org.springframework.test.context.support.AnnotationConfigContextLoaderUtils -- Could not detect default configuration classes for test class [com.example.products.ProductRoutesTest]: ProductRoutesTest does not declare any static, non-private, non-final, nested classes annotated with @Configuration.
22:46:27.598 [main] INFO org.springframework.boot.test.context.SpringBootTestContextBootstrapper -- Found @SpringBootConfiguration com.example.products.ProductsApplication for test class com.example.products.ProductRoutesTest

  .   ____          _            __ _ _
 /\\ / ___'_ __ _ _(_)_ __  __ _ \ \ \ \
( ( )\___ | '_ | '_| | '_ \/ _` | \ \ \ \
 \\/  ___)| |_)| | | | | || (_| |  ) ) ) )
  '  |____| .__|_| |_|_| |_\__, | / / / /
 =========|_|==============|___/=/_/_/_/

 :: Spring Boot ::                (v3.5.3)

2025-12-08T22:46:28.102Z  INFO 3561 --- [products-service] [           main] com.example.products.ProductRoutesTest   : Starting ProductRoutesTest using Java 17.0.17 with PID 3561 (started by runner in /home/runner/work/ubik/ubik/microservicios/microreactivo/products)
2025-12-08T22:46:28.104Z  INFO 3561 --- [products-service] [           main] com.example.products.ProductRoutesTest   : The following 1 profile is active: "test"
2025-12-08T22:46:28.908Z  INFO 3561 --- [products-service] [           main] .s.d.r.c.RepositoryConfigurationDelegate : Bootstrapping Spring Data R2DBC repositories in DEFAULT mode.
2025-12-08T22:46:29.029Z  INFO 3561 --- [products-service] [           main] .s.d.r.c.RepositoryConfigurationDelegate : Finished Spring Data repository scanning in 114 ms. Found 1 R2DBC repository interface.
2025-12-08T22:46:30.083Z  INFO 3561 --- [products-service] [           main] o.s.b.a.e.web.EndpointLinksResolver      : Exposing 1 endpoint beneath base path '/actuator'
2025-12-08T22:46:30.828Z  INFO 3561 --- [products-service] [           main] o.s.b.web.embedded.netty.NettyWebServer  : Netty started on port 38429 (http)
2025-12-08T22:46:30.847Z  INFO 3561 --- [products-service] [           main] com.example.products.ProductRoutesTest   : Started ProductRoutesTest in 3.125 seconds (process running for 4.101)
]]></system-out>
  </testcase>
</testsuite>